<!DOCTYPE html PUBLIC "-//W3C//DTD XHTML 1.1//EN" "http://www.w3.org/TR/xhtml11/DTD/xhtml11.dtd">
<html xmlns="http://www.w3.org/1999/xhtml">
<head>
<meta http-equiv="content-type" content="text/html; charset=UTF-8"/>
<title>TestNG Report</title>
<style type="text/css">table {margin-bottom:10px;border-collapse:collapse;empty-cells:show}th,td {border:1px solid #009;padding:.25em .5em}th {vertical-align:bottom}td {vertical-align:top}table a {font-weight:bold}.stripe td {background-color: #E6EBF9}.num {text-align:right}.passedodd td {background-color: #3F3}.passedeven td {background-color: #0A0}.skippedodd td {background-color: #DDD}.skippedeven td {background-color: #CCC}.failedodd td,.attn {background-color: #F33}.failedeven td,.stripe .attn {background-color: #D00}.stacktrace {white-space:pre;font-family:monospace}.totop {font-size:85%;text-align:center;border-bottom:2px solid #000}.invisible {display:none}</style>
</head>
<body>
<table>
<tr><th>Test</th><th># Passed</th><th># Skipped</th><th># Failed</th><th>Time (ms)</th><th>Included Groups</th><th>Excluded Groups</th></tr>
<tr><th colspan="7">TestMaiRuOperations</th></tr>
<tr><td><a href="#t0">TestMaiRuOperations</a></td><td class="num">0</td><td class="num attn">4</td><td class="num attn">1</td><td class="num">64,712</td><td></td><td></td></tr>
</table>
<table id='summary'><thead><tr><th>Class</th><th>Method</th><th>Start</th><th>Time (ms)</th></tr></thead><tbody><tr><th colspan="4">TestMaiRuOperations</th></tr></tbody><tbody id="t0"><tr><th colspan="4">TestMaiRuOperations &#8212; failed (configuration methods)</th></tr><tr class="failedeven"><td rowspan="1">tests.MailDeleteTest</td><td><a href="#m0">startBrowser</a></td><td rowspan="1">1537173786840</td><td rowspan="1">6248</td></tr><tr class="failedodd"><td rowspan="1">tests.MailSendTest</td><td><a href="#m1">stopBrowser</a></td><td rowspan="1">1537173777388</td><td rowspan="1">9449</td></tr><tr><th colspan="4">TestMaiRuOperations &#8212; failed</th></tr><tr class="failedeven"><td rowspan="1">tests.MailCreationTest</td><td><a href="#m2">mailRuLoginTest</a></td><td rowspan="1">1537173738246</td><td rowspan="1">22830</td></tr><tr><th colspan="4">TestMaiRuOperations &#8212; skipped (configuration methods)</th></tr><tr class="skippedeven"><td rowspan="1">tests.MailDeleteTest</td><td><a href="#m3">stopBrowser</a></td><td rowspan="1">1537173793090</td><td rowspan="1">0</td></tr><tr><th colspan="4">TestMaiRuOperations &#8212; skipped</th></tr><tr class="skippedeven"><td rowspan="1">tests.MailCreationTest</td><td><a href="#m4">mailRuMailCreationTest</a></td><td rowspan="1">1537173761100</td><td rowspan="1">0</td></tr><tr class="skippedodd"><td rowspan="2">tests.MailDeleteTest</td><td><a href="#m5">dragNDropMailTest</a></td><td rowspan="1">1537173793090</td><td rowspan="1">0</td></tr><tr class="skippedodd"><td><a href="#m6">mailRuMailDeleteTest</a></td><td rowspan="1">1537173793089</td><td rowspan="1">0</td></tr><tr class="skippedeven"><td rowspan="1">tests.MailSendTest</td><td><a href="#m7">mailRuMailSendingTest</a></td><td rowspan="1">1537173777388</td><td rowspan="1">0</td></tr></tbody>
</table>
<h2>TestMaiRuOperations</h2><h3 id="m0">tests.MailDeleteTest#startBrowser</h3><table class="result"><tr><th>Exception</th></tr><tr><td><div class="stacktrace">org.openqa.selenium.WebDriverException: chrome not reachable
  (Session info: chrome=68.0.3440.106)
  (Driver info: chromedriver=2.40.565498 (ea082db3280dd6843ebfb08a625e3eb905c4f5ab),platform=Windows NT 6.3.9600 x86_64) (WARNING: The server did not provide any stacktrace information)
Command duration or timeout: 0 milliseconds
Build info: version: &apos;3.14.0&apos;, revision: &apos;aacccce0&apos;, time: &apos;2018-08-02T20:19:58.91Z&apos;
System info: host: &apos;EPBYMINW3159&apos;, ip: &apos;192.168.56.1&apos;, os.name: &apos;Windows 8.1&apos;, os.arch: &apos;amd64&apos;, os.version: &apos;6.3&apos;, java.version: &apos;1.8.0_144&apos;
Driver info: org.openqa.selenium.chrome.ChromeDriver
Capabilities {acceptInsecureCerts: false, acceptSslCerts: false, applicationCacheEnabled: false, browserConnectionEnabled: false, browserName: chrome, chrome: {chromedriverVersion: 2.40.565498 (ea082db3280dd6..., userDataDir: C:\Users\VOLHA_~1\AppData\L...}, cssSelectorsEnabled: true, databaseEnabled: false, handlesAlerts: true, hasTouchScreen: false, javascriptEnabled: true, locationContextEnabled: true, mobileEmulationEnabled: false, nativeEvents: true, networkConnectionEnabled: false, pageLoadStrategy: normal, platform: XP, platformName: XP, rotatable: false, setWindowRect: true, takesHeapSnapshot: true, takesScreenshot: true, unexpectedAlertBehaviour: , unhandledPromptBehavior: , version: 68.0.3440.106, webStorageEnabled: true}
Session ID: 5e47d6118e1cc55ea49f7c9992a5020d
	at org.openqa.selenium.remote.ErrorHandler.createThrowable(ErrorHandler.java:214)
	at org.openqa.selenium.remote.ErrorHandler.throwIfResponseFailed(ErrorHandler.java:166)
	at org.openqa.selenium.remote.http.JsonHttpResponseCodec.reconstructValue(JsonHttpResponseCodec.java:40)
	at org.openqa.selenium.remote.http.AbstractHttpResponseCodec.decode(AbstractHttpResponseCodec.java:80)
	at org.openqa.selenium.remote.http.AbstractHttpResponseCodec.decode(AbstractHttpResponseCodec.java:44)
	at org.openqa.selenium.remote.HttpCommandExecutor.execute(HttpCommandExecutor.java:158)
	at org.openqa.selenium.remote.service.DriverCommandExecutor.execute(DriverCommandExecutor.java:83)
	at org.openqa.selenium.remote.RemoteWebDriver.execute(RemoteWebDriver.java:548)
	at org.openqa.selenium.remote.RemoteWebDriver.get(RemoteWebDriver.java:276)
	at tests.TestBase.startBrowser(TestBase.java:37)
	at runner.Runner.main(Runner.java:21)
... Removed 27 stack frames</div></td></tr></table><p class="totop"><a href="#summary">back to summary</a></p>
<h3 id="m1">tests.MailSendTest#stopBrowser</h3><table class="result"><tr><th>Exception</th></tr><tr><td><div class="stacktrace">org.openqa.selenium.WebDriverException: chrome not reachable
  (Session info: chrome=68.0.3440.106)
  (Driver info: chromedriver=2.40.565498 (ea082db3280dd6843ebfb08a625e3eb905c4f5ab),platform=Windows NT 6.3.9600 x86_64) (WARNING: The server did not provide any stacktrace information)
Command duration or timeout: 0 milliseconds
Build info: version: &apos;3.14.0&apos;, revision: &apos;aacccce0&apos;, time: &apos;2018-08-02T20:19:58.91Z&apos;
System info: host: &apos;EPBYMINW3159&apos;, ip: &apos;192.168.56.1&apos;, os.name: &apos;Windows 8.1&apos;, os.arch: &apos;amd64&apos;, os.version: &apos;6.3&apos;, java.version: &apos;1.8.0_144&apos;
Driver info: org.openqa.selenium.chrome.ChromeDriver
Capabilities {acceptInsecureCerts: false, acceptSslCerts: false, applicationCacheEnabled: false, browserConnectionEnabled: false, browserName: chrome, chrome: {chromedriverVersion: 2.40.565498 (ea082db3280dd6..., userDataDir: C:\Users\VOLHA_~1\AppData\L...}, cssSelectorsEnabled: true, databaseEnabled: false, handlesAlerts: true, hasTouchScreen: false, javascriptEnabled: true, locationContextEnabled: true, mobileEmulationEnabled: false, nativeEvents: true, networkConnectionEnabled: false, pageLoadStrategy: normal, platform: XP, platformName: XP, rotatable: false, setWindowRect: true, takesHeapSnapshot: true, takesScreenshot: true, unexpectedAlertBehaviour: , unhandledPromptBehavior: , version: 68.0.3440.106, webStorageEnabled: true}
Session ID: 5e47d6118e1cc55ea49f7c9992a5020d
*** Element info: {Using=id, value=PH_logoutLink}
	at org.openqa.selenium.remote.ErrorHandler.createThrowable(ErrorHandler.java:214)
	at org.openqa.selenium.remote.ErrorHandler.throwIfResponseFailed(ErrorHandler.java:166)
	at org.openqa.selenium.remote.http.JsonHttpResponseCodec.reconstructValue(JsonHttpResponseCodec.java:40)
	at org.openqa.selenium.remote.http.AbstractHttpResponseCodec.decode(AbstractHttpResponseCodec.java:80)
	at org.openqa.selenium.remote.http.AbstractHttpResponseCodec.decode(AbstractHttpResponseCodec.java:44)
	at org.openqa.selenium.remote.HttpCommandExecutor.execute(HttpCommandExecutor.java:158)
	at org.openqa.selenium.remote.service.DriverCommandExecutor.execute(DriverCommandExecutor.java:83)
	at org.openqa.selenium.remote.RemoteWebDriver.execute(RemoteWebDriver.java:548)
	at org.openqa.selenium.remote.RemoteWebDriver.findElement(RemoteWebDriver.java:322)
	at org.openqa.selenium.remote.RemoteWebDriver.findElementById(RemoteWebDriver.java:368)
	at org.openqa.selenium.By$ById.findElement(By.java:188)
	at org.openqa.selenium.remote.RemoteWebDriver.findElement(RemoteWebDriver.java:314)
	at org.openqa.selenium.support.pagefactory.DefaultElementLocator.findElement(DefaultElementLocator.java:69)
	at org.openqa.selenium.support.pagefactory.internal.LocatingElementHandler.invoke(LocatingElementHandler.java:38)
	at com.sun.proxy.$Proxy28.isDisplayed(Unknown Source)
	at org.openqa.selenium.support.ui.ExpectedConditions$9.apply(ExpectedConditions.java:275)
	at org.openqa.selenium.support.ui.ExpectedConditions$9.apply(ExpectedConditions.java:271)
	at org.openqa.selenium.support.ui.FluentWait.until(FluentWait.java:260)
	at pages.BasePage.waitForElementVisible(BasePage.java:24)
	at pages.AccountPage.clickLogOut(AccountPage.java:85)
	at tests.TestBase.stopBrowser(TestBase.java:44)
	at runner.Runner.main(Runner.java:21)
... Removed 27 stack frames</div></td></tr></table><p class="totop"><a href="#summary">back to summary</a></p>
<h3 id="m2">tests.MailCreationTest#mailRuLoginTest</h3><table class="result"><tr><th>Exception</th></tr><tr><td><div class="stacktrace">java.lang.AssertionError: expected [true] but found [false]
	at tests.MailCreationTest.mailRuLoginTest(MailCreationTest.java:10)
	at runner.Runner.main(Runner.java:21)
... Removed 26 stack frames</div></td></tr></table><p class="totop"><a href="#summary">back to summary</a></p>
<h3 id="m3">tests.MailDeleteTest#stopBrowser</h3><table class="result"><tr><th class="invisible"/></tr></table><p class="totop"><a href="#summary">back to summary</a></p>
<h3 id="m4">tests.MailCreationTest#mailRuMailCreationTest</h3><table class="result"><tr><th>Exception</th></tr><tr><td><div class="stacktrace">java.lang.Throwable: Method MailCreationTest.mailRuMailCreationTest()[pri:0, instance:tests.MailCreationTest@932bc4a] depends on not successfully finished methods
	at runner.Runner.main(Runner.java:21)
... Removed 15 stack frames</div></td></tr></table><p class="totop"><a href="#summary">back to summary</a></p>
<h3 id="m5">tests.MailDeleteTest#dragNDropMailTest</h3><table class="result"><tr><th>Exception</th></tr><tr><td><div class="stacktrace">java.lang.Throwable: Method MailDeleteTest.dragNDropMailTest()[pri:0, instance:tests.MailDeleteTest@2fd1433e] depends on not successfully finished methods in group &quot;test_2&quot;
	at runner.Runner.main(Runner.java:21)
... Removed 15 stack frames</div></td></tr></table><p class="totop"><a href="#summary">back to summary</a></p>
<h3 id="m6">tests.MailDeleteTest#mailRuMailDeleteTest</h3><table class="result"><tr><th>Exception</th></tr><tr><td><div class="stacktrace">java.lang.Throwable: Method MailDeleteTest.mailRuMailDeleteTest()[pri:0, instance:tests.MailDeleteTest@2fd1433e] depends on not successfully finished methods in group &quot;test_2&quot;
	at runner.Runner.main(Runner.java:21)
... Removed 15 stack frames</div></td></tr></table><p class="totop"><a href="#summary">back to summary</a></p>
<h3 id="m7">tests.MailSendTest#mailRuMailSendingTest</h3><table class="result"><tr><th>Exception</th></tr><tr><td><div class="stacktrace">java.lang.Throwable: Method MailSendTest.mailRuMailSendingTest()[pri:0, instance:tests.MailSendTest@d29f28] depends on not successfully finished methods in group &quot;test_1&quot;
	at runner.Runner.main(Runner.java:21)
... Removed 15 stack frames</div></td></tr></table><p class="totop"><a href="#summary">back to summary</a></p>
</body>
</html>
